This file contains any messages produced by compilers while
running configure, to aid debugging if configure makes a mistake.

It was created by leptonica configure 1.67, which was
generated by GNU Autoconf 2.68.  Invocation command line was

  $ ./configure --no-create --no-recursion

## --------- ##
## Platform. ##
## --------- ##

hostname = server3
uname -m = i686
uname -r = 3.2.0-55-generic-pae
uname -s = Linux
uname -v = #85-Ubuntu SMP Wed Oct 2 14:03:15 UTC 2013

/usr/bin/uname -p = unknown
/bin/uname -X     = unknown

/bin/arch              = unknown
/usr/bin/arch -k       = unknown
/usr/convex/getsysinfo = unknown
/usr/bin/hostinfo      = unknown
/bin/machine           = unknown
/usr/bin/oslevel       = unknown
/bin/universe          = unknown

PATH: /usr/local/sbin
PATH: /usr/local/bin
PATH: /usr/sbin
PATH: /usr/bin
PATH: /sbin
PATH: /bin
PATH: /usr/games


## ----------- ##
## Core tests. ##
## ----------- ##

configure:2358: checking build system type
configure:2372: result: i686-pc-linux-gnu
configure:2392: checking host system type
configure:2405: result: i686-pc-linux-gnu
configure:2473: checking for gcc
configure:2489: found /usr/bin/gcc
configure:2500: result: gcc
configure:2729: checking for C compiler version
configure:2738: gcc --version >&5
gcc (Ubuntu/Linaro 4.6.3-1ubuntu5) 4.6.3
Copyright (C) 2011 Free Software Foundation, Inc.
This is free software; see the source for copying conditions.  There is NO
warranty; not even for MERCHANTABILITY or FITNESS FOR A PARTICULAR PURPOSE.

configure:2749: $? = 0
configure:2738: gcc -v >&5
Using built-in specs.
COLLECT_GCC=gcc
COLLECT_LTO_WRAPPER=/usr/lib/gcc/i686-linux-gnu/4.6/lto-wrapper
Target: i686-linux-gnu
Configured with: ../src/configure -v --with-pkgversion='Ubuntu/Linaro 4.6.3-1ubuntu5' --with-bugurl=file:///usr/share/doc/gcc-4.6/README.Bugs --enable-languages=c,c++,fortran,objc,obj-c++ --prefix=/usr --program-suffix=-4.6 --enable-shared --enable-linker-build-id --with-system-zlib --libexecdir=/usr/lib --without-included-gettext --enable-threads=posix --with-gxx-include-dir=/usr/include/c++/4.6 --libdir=/usr/lib --enable-nls --with-sysroot=/ --enable-clocale=gnu --enable-libstdcxx-debug --enable-libstdcxx-time=yes --enable-gnu-unique-object --enable-plugin --enable-objc-gc --enable-targets=all --disable-werror --with-arch-32=i686 --with-tune=generic --enable-checking=release --build=i686-linux-gnu --host=i686-linux-gnu --target=i686-linux-gnu
Thread model: posix
gcc version 4.6.3 (Ubuntu/Linaro 4.6.3-1ubuntu5) 
configure:2749: $? = 0
configure:2738: gcc -V >&5
gcc: error: unrecognized option '-V'
gcc: fatal error: no input files
compilation terminated.
configure:2749: $? = 4
configure:2738: gcc -qversion >&5
gcc: error: unrecognized option '-qversion'
gcc: fatal error: no input files
compilation terminated.
configure:2749: $? = 4
configure:2769: checking whether the C compiler works
configure:2791: gcc    conftest.c  >&5
configure:2795: $? = 0
configure:2843: result: yes
configure:2846: checking for C compiler default output file name
configure:2848: result: a.out
configure:2854: checking for suffix of executables
configure:2861: gcc -o conftest    conftest.c  >&5
configure:2865: $? = 0
configure:2887: result: 
configure:2909: checking whether we are cross compiling
configure:2917: gcc -o conftest    conftest.c  >&5
configure:2921: $? = 0
configure:2928: ./conftest
configure:2932: $? = 0
configure:2947: result: no
configure:2952: checking for suffix of object files
configure:2974: gcc -c   conftest.c >&5
configure:2978: $? = 0
configure:2999: result: o
configure:3003: checking whether we are using the GNU C compiler
configure:3022: gcc -c   conftest.c >&5
configure:3022: $? = 0
configure:3031: result: yes
configure:3040: checking whether gcc accepts -g
configure:3060: gcc -c -g  conftest.c >&5
configure:3060: $? = 0
configure:3101: result: yes
configure:3118: checking for gcc option to accept ISO C89
configure:3182: gcc  -c -g -O2  conftest.c >&5
configure:3182: $? = 0
configure:3195: result: none needed
configure:3215: checking for a sed that does not truncate output
configure:3279: result: /bin/sed
configure:3297: checking for grep that handles long lines and -e
configure:3355: result: /bin/grep
configure:3360: checking for egrep
configure:3422: result: /bin/grep -E
configure:3427: checking for fgrep
configure:3489: result: /bin/grep -F
configure:3524: checking for ld used by gcc
configure:3591: result: /usr/bin/ld
configure:3598: checking if the linker (/usr/bin/ld) is GNU ld
configure:3613: result: yes
configure:3625: checking for BSD- or MS-compatible name lister (nm)
configure:3674: result: /usr/bin/nm -B
configure:3792: checking the name lister (/usr/bin/nm -B) interface
configure:3799: gcc -c -g -O2  conftest.c >&5
configure:3802: /usr/bin/nm -B "conftest.o"
configure:3805: output
00000000 B some_variable
configure:3812: result: BSD nm
configure:3815: checking whether ln -s works
configure:3819: result: yes
configure:3827: checking the maximum length of command line arguments
configure:3947: result: 805306365
configure:3964: checking whether the shell understands some XSI constructs
configure:3974: result: yes
configure:3978: checking whether the shell understands "+="
configure:3984: result: yes
configure:4019: checking for /usr/bin/ld option to reload object files
configure:4026: result: -r
configure:4095: checking for objdump
configure:4111: found /usr/bin/objdump
configure:4122: result: objdump
configure:4154: checking how to recognize dependent libraries
configure:4350: result: pass_all
configure:4410: checking for ar
configure:4426: found /usr/bin/ar
configure:4437: result: ar
configure:4515: checking for strip
configure:4531: found /usr/bin/strip
configure:4542: result: strip
configure:4614: checking for ranlib
configure:4630: found /usr/bin/ranlib
configure:4641: result: ranlib
configure:4731: checking command to parse /usr/bin/nm -B output from gcc object
configure:4849: gcc -c -g -O2  conftest.c >&5
configure:4852: $? = 0
configure:4856: /usr/bin/nm -B conftest.o \| sed -n -e 's/^.*[	 ]\([ABCDGIRSTW][ABCDGIRSTW]*\)[	 ][	 ]*\([_A-Za-z][_A-Za-z0-9]*\)$/\1 \2 \2/p' \> conftest.nm
configure:4859: $? = 0
configure:4913: gcc -o conftest -g -O2   conftest.c conftstm.o >&5
configure:4916: $? = 0
configure:4954: result: ok
configure:5763: checking how to run the C preprocessor
configure:5794: gcc -E  conftest.c
configure:5794: $? = 0
configure:5808: gcc -E  conftest.c
conftest.c:9:28: fatal error: ac_nonexistent.h: No such file or directory
compilation terminated.
configure:5808: $? = 1
configure: failed program was:
| /* confdefs.h */
| #define PACKAGE_NAME "leptonica"
| #define PACKAGE_TARNAME "leptonica"
| #define PACKAGE_VERSION "1.67"
| #define PACKAGE_STRING "leptonica 1.67"
| #define PACKAGE_BUGREPORT "dan.bloomberg@gmail.com"
| #define PACKAGE_URL ""
| /* end confdefs.h.  */
| #include <ac_nonexistent.h>
configure:5833: result: gcc -E
configure:5853: gcc -E  conftest.c
configure:5853: $? = 0
configure:5867: gcc -E  conftest.c
conftest.c:9:28: fatal error: ac_nonexistent.h: No such file or directory
compilation terminated.
configure:5867: $? = 1
configure: failed program was:
| /* confdefs.h */
| #define PACKAGE_NAME "leptonica"
| #define PACKAGE_TARNAME "leptonica"
| #define PACKAGE_VERSION "1.67"
| #define PACKAGE_STRING "leptonica 1.67"
| #define PACKAGE_BUGREPORT "dan.bloomberg@gmail.com"
| #define PACKAGE_URL ""
| /* end confdefs.h.  */
| #include <ac_nonexistent.h>
configure:5896: checking for ANSI C header files
configure:5916: gcc -c -g -O2  conftest.c >&5
configure:5916: $? = 0
configure:5989: gcc -o conftest -g -O2   conftest.c  >&5
configure:5989: $? = 0
configure:5989: ./conftest
configure:5989: $? = 0
configure:6000: result: yes
configure:6013: checking for sys/types.h
configure:6013: gcc -c -g -O2  conftest.c >&5
configure:6013: $? = 0
configure:6013: result: yes
configure:6013: checking for sys/stat.h
configure:6013: gcc -c -g -O2  conftest.c >&5
configure:6013: $? = 0
configure:6013: result: yes
configure:6013: checking for stdlib.h
configure:6013: gcc -c -g -O2  conftest.c >&5
configure:6013: $? = 0
configure:6013: result: yes
configure:6013: checking for string.h
configure:6013: gcc -c -g -O2  conftest.c >&5
configure:6013: $? = 0
configure:6013: result: yes
configure:6013: checking for memory.h
configure:6013: gcc -c -g -O2  conftest.c >&5
configure:6013: $? = 0
configure:6013: result: yes
configure:6013: checking for strings.h
configure:6013: gcc -c -g -O2  conftest.c >&5
configure:6013: $? = 0
configure:6013: result: yes
configure:6013: checking for inttypes.h
configure:6013: gcc -c -g -O2  conftest.c >&5
configure:6013: $? = 0
configure:6013: result: yes
configure:6013: checking for stdint.h
configure:6013: gcc -c -g -O2  conftest.c >&5
configure:6013: $? = 0
configure:6013: result: yes
configure:6013: checking for unistd.h
configure:6013: gcc -c -g -O2  conftest.c >&5
configure:6013: $? = 0
configure:6013: result: yes
configure:6027: checking for dlfcn.h
configure:6027: gcc -c -g -O2  conftest.c >&5
configure:6027: $? = 0
configure:6027: result: yes
configure:6211: checking for objdir
configure:6226: result: .libs
configure:6518: checking if gcc supports -fno-rtti -fno-exceptions
configure:6536: gcc -c -g -O2  -fno-rtti -fno-exceptions conftest.c >&5
cc1: warning: command line option '-fno-rtti' is valid for C++/ObjC++ but not for C [enabled by default]
configure:6540: $? = 0
configure:6553: result: no
configure:6573: checking for gcc option to produce PIC
configure:6845: result: -fPIC -DPIC
configure:6857: checking if gcc PIC flag -fPIC -DPIC works
configure:6875: gcc -c -g -O2  -fPIC -DPIC -DPIC conftest.c >&5
configure:6879: $? = 0
configure:6892: result: yes
configure:6916: checking if gcc static flag -static works
configure:6944: result: yes
configure:6959: checking if gcc supports -c -o file.o
configure:6980: gcc -c -g -O2  -o out/conftest2.o conftest.c >&5
configure:6984: $? = 0
configure:7006: result: yes
configure:7014: checking if gcc supports -c -o file.o
configure:7061: result: yes
configure:7094: checking whether the gcc linker (/usr/bin/ld) supports shared libraries
configure:8085: result: yes
configure:8122: checking whether -lc should be explicitly linked in
configure:8127: gcc -c -g -O2  conftest.c >&5
configure:8130: $? = 0
configure:8145: gcc -shared conftest.o  -v -Wl,-soname -Wl,conftest -o conftest 2\>\&1 \| /bin/grep  -lc  \>/dev/null 2\>\&1
configure:8148: $? = 0
configure:8160: result: no
configure:8324: checking dynamic linker characteristics
configure:8757: gcc -o conftest -g -O2   -Wl,-rpath -Wl,/foo conftest.c  >&5
configure:8757: $? = 0
configure:8987: result: GNU/Linux ld.so
configure:9089: checking how to hardcode library paths into programs
configure:9114: result: immediate
configure:9634: checking whether stripping libraries is possible
configure:9639: result: yes
configure:9674: checking if libtool supports shared libraries
configure:9676: result: yes
configure:9679: checking whether to build shared libraries
configure:9700: result: yes
configure:9703: checking whether to build static libraries
configure:9707: result: yes
configure:9759: checking for a BSD-compatible install
configure:9827: result: /usr/bin/install -c
configure:9838: checking whether build environment is sane
configure:9888: result: yes
configure:10029: checking for a thread-safe mkdir -p
configure:10068: result: /bin/mkdir -p
configure:10081: checking for gawk
configure:10111: result: no
configure:10081: checking for mawk
configure:10097: found /usr/bin/mawk
configure:10108: result: mawk
configure:10119: checking whether make sets $(MAKE)
configure:10141: result: yes
configure:10171: checking for style of include used by make
configure:10199: result: GNU
configure:10284: checking dependency style of gcc
configure:10394: result: gcc3
configure:10422: checking for gawk
configure:10449: result: mawk
configure:10508: checking for gcc
configure:10535: result: gcc
configure:10764: checking for C compiler version
configure:10773: gcc --version >&5
gcc (Ubuntu/Linaro 4.6.3-1ubuntu5) 4.6.3
Copyright (C) 2011 Free Software Foundation, Inc.
This is free software; see the source for copying conditions.  There is NO
warranty; not even for MERCHANTABILITY or FITNESS FOR A PARTICULAR PURPOSE.

configure:10784: $? = 0
configure:10773: gcc -v >&5
Using built-in specs.
COLLECT_GCC=gcc
COLLECT_LTO_WRAPPER=/usr/lib/gcc/i686-linux-gnu/4.6/lto-wrapper
Target: i686-linux-gnu
Configured with: ../src/configure -v --with-pkgversion='Ubuntu/Linaro 4.6.3-1ubuntu5' --with-bugurl=file:///usr/share/doc/gcc-4.6/README.Bugs --enable-languages=c,c++,fortran,objc,obj-c++ --prefix=/usr --program-suffix=-4.6 --enable-shared --enable-linker-build-id --with-system-zlib --libexecdir=/usr/lib --without-included-gettext --enable-threads=posix --with-gxx-include-dir=/usr/include/c++/4.6 --libdir=/usr/lib --enable-nls --with-sysroot=/ --enable-clocale=gnu --enable-libstdcxx-debug --enable-libstdcxx-time=yes --enable-gnu-unique-object --enable-plugin --enable-objc-gc --enable-targets=all --disable-werror --with-arch-32=i686 --with-tune=generic --enable-checking=release --build=i686-linux-gnu --host=i686-linux-gnu --target=i686-linux-gnu
Thread model: posix
gcc version 4.6.3 (Ubuntu/Linaro 4.6.3-1ubuntu5) 
configure:10784: $? = 0
configure:10773: gcc -V >&5
gcc: error: unrecognized option '-V'
gcc: fatal error: no input files
compilation terminated.
configure:10784: $? = 4
configure:10773: gcc -qversion >&5
gcc: error: unrecognized option '-qversion'
gcc: fatal error: no input files
compilation terminated.
configure:10784: $? = 4
configure:10788: checking whether we are using the GNU C compiler
configure:10816: result: yes
configure:10825: checking whether gcc accepts -g
configure:10886: result: yes
configure:10903: checking for gcc option to accept ISO C89
configure:10980: result: none needed
configure:11005: checking how to run the C preprocessor
configure:11075: result: gcc -E
configure:11095: gcc -E  conftest.c
configure:11095: $? = 0
configure:11109: gcc -E  conftest.c
conftest.c:23:28: fatal error: ac_nonexistent.h: No such file or directory
compilation terminated.
configure:11109: $? = 1
configure: failed program was:
| /* confdefs.h */
| #define PACKAGE_NAME "leptonica"
| #define PACKAGE_TARNAME "leptonica"
| #define PACKAGE_VERSION "1.67"
| #define PACKAGE_STRING "leptonica 1.67"
| #define PACKAGE_BUGREPORT "dan.bloomberg@gmail.com"
| #define PACKAGE_URL ""
| #define STDC_HEADERS 1
| #define HAVE_SYS_TYPES_H 1
| #define HAVE_SYS_STAT_H 1
| #define HAVE_STDLIB_H 1
| #define HAVE_STRING_H 1
| #define HAVE_MEMORY_H 1
| #define HAVE_STRINGS_H 1
| #define HAVE_INTTYPES_H 1
| #define HAVE_STDINT_H 1
| #define HAVE_UNISTD_H 1
| #define HAVE_DLFCN_H 1
| #define LT_OBJDIR ".libs/"
| #define PACKAGE "leptonica"
| #define VERSION "1.67"
| /* end confdefs.h.  */
| #include <ac_nonexistent.h>
configure:11139: checking whether ln -s works
configure:11143: result: yes
configure:11150: checking whether make sets $(MAKE)
configure:11172: result: yes
configure:11230: checking for deflate in -lz
configure:11255: gcc -o conftest -g -O2   conftest.c -lz   >&5
configure:11255: $? = 0
configure:11264: result: yes
configure:11282: checking for png_read_png in -lpng
configure:11307: gcc -o conftest -g -O2   conftest.c -lpng   >&5
configure:11307: $? = 0
configure:11316: result: yes
configure:11334: checking for jpeg_read_scanlines in -ljpeg
configure:11359: gcc -o conftest -g -O2   conftest.c -ljpeg   >&5
configure:11359: $? = 0
configure:11368: result: yes
configure:11386: checking for DGifOpenFileHandle in -lgif
configure:11411: gcc -o conftest -g -O2   conftest.c -lgif   >&5
/usr/bin/ld: cannot find -lgif
collect2: ld returned 1 exit status
configure:11411: $? = 1
configure: failed program was:
| /* confdefs.h */
| #define PACKAGE_NAME "leptonica"
| #define PACKAGE_TARNAME "leptonica"
| #define PACKAGE_VERSION "1.67"
| #define PACKAGE_STRING "leptonica 1.67"
| #define PACKAGE_BUGREPORT "dan.bloomberg@gmail.com"
| #define PACKAGE_URL ""
| #define STDC_HEADERS 1
| #define HAVE_SYS_TYPES_H 1
| #define HAVE_SYS_STAT_H 1
| #define HAVE_STDLIB_H 1
| #define HAVE_STRING_H 1
| #define HAVE_MEMORY_H 1
| #define HAVE_STRINGS_H 1
| #define HAVE_INTTYPES_H 1
| #define HAVE_STDINT_H 1
| #define HAVE_UNISTD_H 1
| #define HAVE_DLFCN_H 1
| #define LT_OBJDIR ".libs/"
| #define PACKAGE "leptonica"
| #define VERSION "1.67"
| #define HAVE_LIBZ 1
| #define HAVE_LIBPNG 1
| #define HAVE_LIBJPEG 1
| /* end confdefs.h.  */
| 
| /* Override any GCC internal prototype to avoid an error.
|    Use char because int might match the return type of a GCC
|    builtin and then its argument prototype would still apply.  */
| #ifdef __cplusplus
| extern "C"
| #endif
| char DGifOpenFileHandle ();
| int
| main ()
| {
| return DGifOpenFileHandle ();
|   ;
|   return 0;
| }
configure:11420: result: no
configure:11438: checking for TIFFOpen in -ltiff
configure:11463: gcc -o conftest -g -O2   conftest.c -ltiff   >&5
configure:11463: $? = 0
configure:11472: result: yes
configure:11490: checking for size_t
configure:11490: gcc -c -g -O2  conftest.c >&5
configure:11490: $? = 0
configure:11490: gcc -c -g -O2  conftest.c >&5
conftest.c: In function 'main':
conftest.c:63:21: error: expected expression before ')' token
configure:11490: $? = 1
configure: failed program was:
| /* confdefs.h */
| #define PACKAGE_NAME "leptonica"
| #define PACKAGE_TARNAME "leptonica"
| #define PACKAGE_VERSION "1.67"
| #define PACKAGE_STRING "leptonica 1.67"
| #define PACKAGE_BUGREPORT "dan.bloomberg@gmail.com"
| #define PACKAGE_URL ""
| #define STDC_HEADERS 1
| #define HAVE_SYS_TYPES_H 1
| #define HAVE_SYS_STAT_H 1
| #define HAVE_STDLIB_H 1
| #define HAVE_STRING_H 1
| #define HAVE_MEMORY_H 1
| #define HAVE_STRINGS_H 1
| #define HAVE_INTTYPES_H 1
| #define HAVE_STDINT_H 1
| #define HAVE_UNISTD_H 1
| #define HAVE_DLFCN_H 1
| #define LT_OBJDIR ".libs/"
| #define PACKAGE "leptonica"
| #define VERSION "1.67"
| #define HAVE_LIBZ 1
| #define HAVE_LIBPNG 1
| #define HAVE_LIBJPEG 1
| #define HAVE_LIBTIFF 1
| /* end confdefs.h.  */
| #include <stdio.h>
| #ifdef HAVE_SYS_TYPES_H
| # include <sys/types.h>
| #endif
| #ifdef HAVE_SYS_STAT_H
| # include <sys/stat.h>
| #endif
| #ifdef STDC_HEADERS
| # include <stdlib.h>
| # include <stddef.h>
| #else
| # ifdef HAVE_STDLIB_H
| #  include <stdlib.h>
| # endif
| #endif
| #ifdef HAVE_STRING_H
| # if !defined STDC_HEADERS && defined HAVE_MEMORY_H
| #  include <memory.h>
| # endif
| # include <string.h>
| #endif
| #ifdef HAVE_STRINGS_H
| # include <strings.h>
| #endif
| #ifdef HAVE_INTTYPES_H
| # include <inttypes.h>
| #endif
| #ifdef HAVE_STDINT_H
| # include <stdint.h>
| #endif
| #ifdef HAVE_UNISTD_H
| # include <unistd.h>
| #endif
| int
| main ()
| {
| if (sizeof ((size_t)))
| 	    return 0;
|   ;
|   return 0;
| }
configure:11490: result: yes
configure:11501: checking whether byte ordering is bigendian
configure:11516: gcc -c -g -O2  conftest.c >&5
conftest.c:28:9: error: unknown type name 'not'
conftest.c:28:15: error: expected '=', ',', ';', 'asm' or '__attribute__' before 'universal'
conftest.c:28:15: error: unknown type name 'universal'
configure:11516: $? = 1
configure: failed program was:
| /* confdefs.h */
| #define PACKAGE_NAME "leptonica"
| #define PACKAGE_TARNAME "leptonica"
| #define PACKAGE_VERSION "1.67"
| #define PACKAGE_STRING "leptonica 1.67"
| #define PACKAGE_BUGREPORT "dan.bloomberg@gmail.com"
| #define PACKAGE_URL ""
| #define STDC_HEADERS 1
| #define HAVE_SYS_TYPES_H 1
| #define HAVE_SYS_STAT_H 1
| #define HAVE_STDLIB_H 1
| #define HAVE_STRING_H 1
| #define HAVE_MEMORY_H 1
| #define HAVE_STRINGS_H 1
| #define HAVE_INTTYPES_H 1
| #define HAVE_STDINT_H 1
| #define HAVE_UNISTD_H 1
| #define HAVE_DLFCN_H 1
| #define LT_OBJDIR ".libs/"
| #define PACKAGE "leptonica"
| #define VERSION "1.67"
| #define HAVE_LIBZ 1
| #define HAVE_LIBPNG 1
| #define HAVE_LIBJPEG 1
| #define HAVE_LIBTIFF 1
| /* end confdefs.h.  */
| #ifndef __APPLE_CC__
| 	       not a universal capable compiler
| 	     #endif
| 	     typedef int dummy;
| 
configure:11561: gcc -c -g -O2  conftest.c >&5
configure:11561: $? = 0
configure:11579: gcc -c -g -O2  conftest.c >&5
conftest.c: In function 'main':
conftest.c:34:4: error: unknown type name 'not'
conftest.c:34:12: error: expected '=', ',', ';', 'asm' or '__attribute__' before 'endian'
configure:11579: $? = 1
configure: failed program was:
| /* confdefs.h */
| #define PACKAGE_NAME "leptonica"
| #define PACKAGE_TARNAME "leptonica"
| #define PACKAGE_VERSION "1.67"
| #define PACKAGE_STRING "leptonica 1.67"
| #define PACKAGE_BUGREPORT "dan.bloomberg@gmail.com"
| #define PACKAGE_URL ""
| #define STDC_HEADERS 1
| #define HAVE_SYS_TYPES_H 1
| #define HAVE_SYS_STAT_H 1
| #define HAVE_STDLIB_H 1
| #define HAVE_STRING_H 1
| #define HAVE_MEMORY_H 1
| #define HAVE_STRINGS_H 1
| #define HAVE_INTTYPES_H 1
| #define HAVE_STDINT_H 1
| #define HAVE_UNISTD_H 1
| #define HAVE_DLFCN_H 1
| #define LT_OBJDIR ".libs/"
| #define PACKAGE "leptonica"
| #define VERSION "1.67"
| #define HAVE_LIBZ 1
| #define HAVE_LIBPNG 1
| #define HAVE_LIBJPEG 1
| #define HAVE_LIBTIFF 1
| /* end confdefs.h.  */
| #include <sys/types.h>
| 		#include <sys/param.h>
| 
| int
| main ()
| {
| #if BYTE_ORDER != BIG_ENDIAN
| 		 not big endian
| 		#endif
| 
|   ;
|   return 0;
| }
configure:11707: result: no
configure:11741: checking for fmemopen
configure:11741: gcc -o conftest -g -O2   conftest.c  >&5
configure:11741: $? = 0
configure:11741: result: yes
configure:11888: creating ./config.status

## ---------------- ##
## Cache variables. ##
## ---------------- ##

ac_cv_build=i686-pc-linux-gnu
ac_cv_c_bigendian=no
ac_cv_c_compiler_gnu=yes
ac_cv_env_CC_set=
ac_cv_env_CC_value=
ac_cv_env_CFLAGS_set=
ac_cv_env_CFLAGS_value=
ac_cv_env_CPPFLAGS_set=
ac_cv_env_CPPFLAGS_value=
ac_cv_env_CPP_set=
ac_cv_env_CPP_value=
ac_cv_env_LDFLAGS_set=
ac_cv_env_LDFLAGS_value=
ac_cv_env_LIBS_set=
ac_cv_env_LIBS_value=
ac_cv_env_build_alias_set=
ac_cv_env_build_alias_value=
ac_cv_env_host_alias_set=
ac_cv_env_host_alias_value=
ac_cv_env_target_alias_set=
ac_cv_env_target_alias_value=
ac_cv_func_fmemopen=yes
ac_cv_header_dlfcn_h=yes
ac_cv_header_inttypes_h=yes
ac_cv_header_memory_h=yes
ac_cv_header_stdc=yes
ac_cv_header_stdint_h=yes
ac_cv_header_stdlib_h=yes
ac_cv_header_string_h=yes
ac_cv_header_strings_h=yes
ac_cv_header_sys_stat_h=yes
ac_cv_header_sys_types_h=yes
ac_cv_header_unistd_h=yes
ac_cv_host=i686-pc-linux-gnu
ac_cv_lib_gif_DGifOpenFileHandle=no
ac_cv_lib_jpeg_jpeg_read_scanlines=yes
ac_cv_lib_png_png_read_png=yes
ac_cv_lib_tiff_TIFFOpen=yes
ac_cv_lib_z_deflate=yes
ac_cv_objext=o
ac_cv_path_EGREP='/bin/grep -E'
ac_cv_path_FGREP='/bin/grep -F'
ac_cv_path_GREP=/bin/grep
ac_cv_path_SED=/bin/sed
ac_cv_path_install='/usr/bin/install -c'
ac_cv_path_mkdir=/bin/mkdir
ac_cv_prog_AWK=mawk
ac_cv_prog_CPP='gcc -E'
ac_cv_prog_ac_ct_AR=ar
ac_cv_prog_ac_ct_CC=gcc
ac_cv_prog_ac_ct_OBJDUMP=objdump
ac_cv_prog_ac_ct_RANLIB=ranlib
ac_cv_prog_ac_ct_STRIP=strip
ac_cv_prog_cc_c89=
ac_cv_prog_cc_g=yes
ac_cv_prog_make_make_set=yes
ac_cv_type_size_t=yes
am_cv_CC_dependencies_compiler_type=gcc3
lt_cv_deplibs_check_method=pass_all
lt_cv_file_magic_cmd='$MAGIC_CMD'
lt_cv_file_magic_test_file=
lt_cv_ld_reload_flag=-r
lt_cv_nm_interface='BSD nm'
lt_cv_objdir=.libs
lt_cv_path_LD=/usr/bin/ld
lt_cv_path_NM='/usr/bin/nm -B'
lt_cv_prog_compiler_c_o=yes
lt_cv_prog_compiler_pic_works=yes
lt_cv_prog_compiler_rtti_exceptions=no
lt_cv_prog_compiler_static_works=yes
lt_cv_prog_gnu_ld=yes
lt_cv_sys_global_symbol_pipe='sed -n -e '\''s/^.*[	 ]\([ABCDGIRSTW][ABCDGIRSTW]*\)[	 ][	 ]*\([_A-Za-z][_A-Za-z0-9]*\)$/\1 \2 \2/p'\'''
lt_cv_sys_global_symbol_to_c_name_address='sed -n -e '\''s/^: \([^ ]*\) $/  {\"\1\", (void *) 0},/p'\'' -e '\''s/^[ABCDGIRSTW]* \([^ ]*\) \([^ ]*\)$/  {"\2", (void *) \&\2},/p'\'''
lt_cv_sys_global_symbol_to_c_name_address_lib_prefix='sed -n -e '\''s/^: \([^ ]*\) $/  {\"\1\", (void *) 0},/p'\'' -e '\''s/^[ABCDGIRSTW]* \([^ ]*\) \(lib[^ ]*\)$/  {"\2", (void *) \&\2},/p'\'' -e '\''s/^[ABCDGIRSTW]* \([^ ]*\) \([^ ]*\)$/  {"lib\2", (void *) \&\2},/p'\'''
lt_cv_sys_global_symbol_to_cdecl='sed -n -e '\''s/^T .* \(.*\)$/extern int \1();/p'\'' -e '\''s/^[ABCDGIRSTW]* .* \(.*\)$/extern char \1;/p'\'''
lt_cv_sys_max_cmd_len=805306365

## ----------------- ##
## Output variables. ##
## ----------------- ##

ACLOCAL='${SHELL} /home/lingxi/CDH/leptonlib-1.67/config/missing --run aclocal-1.11'
AMDEPBACKSLASH='\'
AMDEP_FALSE='#'
AMDEP_TRUE=''
AMTAR='${SHELL} /home/lingxi/CDH/leptonlib-1.67/config/missing --run tar'
APPLE_UNIVERSAL_BUILD='0'
AR='ar'
AUTOCONF='${SHELL} /home/lingxi/CDH/leptonlib-1.67/config/missing --run autoconf'
AUTOHEADER='${SHELL} /home/lingxi/CDH/leptonlib-1.67/config/missing --run autoheader'
AUTOMAKE='${SHELL} /home/lingxi/CDH/leptonlib-1.67/config/missing --run automake-1.11'
AWK='mawk'
CC='gcc'
CCDEPMODE='depmode=gcc3'
CFLAGS='-g -O2'
CPP='gcc -E'
CPPFLAGS=''
CYGPATH_W='echo'
DEFS='-DHAVE_CONFIG_H'
DEPDIR='.deps'
DSYMUTIL=''
DUMPBIN=''
ECHO_C=''
ECHO_N='-n'
ECHO_T=''
EGREP='/bin/grep -E'
ENABLE_PROGRAMS_FALSE='#'
ENABLE_PROGRAMS_TRUE=''
ENDIANNESS='L_LITTLE_ENDIAN'
EXEEXT=''
FGREP='/bin/grep -F'
GIFLIB_LIBS=''
GREP='/bin/grep'
INSTALL_DATA='${INSTALL} -m 644'
INSTALL_PROGRAM='${INSTALL}'
INSTALL_SCRIPT='${INSTALL}'
INSTALL_STRIP_PROGRAM='$(install_sh) -c -s'
JPEG_LIBS='-ljpeg'
LD='/usr/bin/ld'
LDFLAGS=''
LIBOBJS=''
LIBPNG_LIBS='-lpng'
LIBS=''
LIBTIFF_LIBS='-ltiff'
LIBTOOL='$(SHELL) $(top_builddir)/libtool'
LIPO=''
LN_S='ln -s'
LTLIBOBJS=''
MAKEINFO='${SHELL} /home/lingxi/CDH/leptonlib-1.67/config/missing --run makeinfo'
MKDIR_P='/bin/mkdir -p'
NM='/usr/bin/nm -B'
NMEDIT=''
OBJDUMP='objdump'
OBJEXT='o'
OTOOL64=''
OTOOL=''
PACKAGE='leptonica'
PACKAGE_BUGREPORT='dan.bloomberg@gmail.com'
PACKAGE_NAME='leptonica'
PACKAGE_STRING='leptonica 1.67'
PACKAGE_TARNAME='leptonica'
PACKAGE_URL=''
PACKAGE_VERSION='1.67'
PATH_SEPARATOR=':'
RANLIB='ranlib'
SED='/bin/sed'
SET_MAKE=''
SHELL='/bin/bash'
STRIP='strip'
VERSION='1.67'
ZLIB_LIBS='-lz'
ac_ct_CC='gcc'
ac_ct_DUMPBIN=''
am__EXEEXT_FALSE=''
am__EXEEXT_TRUE='#'
am__fastdepCC_FALSE='#'
am__fastdepCC_TRUE=''
am__include='include'
am__isrc=''
am__leading_dot='.'
am__quote=''
am__tar='${AMTAR} chof - "$$tardir"'
am__untar='${AMTAR} xf -'
bindir='${exec_prefix}/bin'
build='i686-pc-linux-gnu'
build_alias=''
build_cpu='i686'
build_os='linux-gnu'
build_vendor='pc'
datadir='${datarootdir}'
datarootdir='${prefix}/share'
docdir='${datarootdir}/doc/${PACKAGE_TARNAME}'
dvidir='${docdir}'
exec_prefix='${prefix}'
host='i686-pc-linux-gnu'
host_alias=''
host_cpu='i686'
host_os='linux-gnu'
host_vendor='pc'
htmldir='${docdir}'
includedir='${prefix}/include'
infodir='${datarootdir}/info'
install_sh='${SHELL} /home/lingxi/CDH/leptonlib-1.67/config/install-sh'
libdir='${exec_prefix}/lib'
libexecdir='${exec_prefix}/libexec'
localedir='${datarootdir}/locale'
localstatedir='${prefix}/var'
lt_ECHO='echo'
mandir='${datarootdir}/man'
mkdir_p='/bin/mkdir -p'
oldincludedir='/usr/include'
pdfdir='${docdir}'
prefix='/usr/local'
program_transform_name='s,x,x,'
psdir='${docdir}'
sbindir='${exec_prefix}/sbin'
sharedstatedir='${prefix}/com'
sysconfdir='${prefix}/etc'
target_alias=''

## ----------- ##
## confdefs.h. ##
## ----------- ##

/* confdefs.h */
#define PACKAGE_NAME "leptonica"
#define PACKAGE_TARNAME "leptonica"
#define PACKAGE_VERSION "1.67"
#define PACKAGE_STRING "leptonica 1.67"
#define PACKAGE_BUGREPORT "dan.bloomberg@gmail.com"
#define PACKAGE_URL ""
#define STDC_HEADERS 1
#define HAVE_SYS_TYPES_H 1
#define HAVE_SYS_STAT_H 1
#define HAVE_STDLIB_H 1
#define HAVE_STRING_H 1
#define HAVE_MEMORY_H 1
#define HAVE_STRINGS_H 1
#define HAVE_INTTYPES_H 1
#define HAVE_STDINT_H 1
#define HAVE_UNISTD_H 1
#define HAVE_DLFCN_H 1
#define LT_OBJDIR ".libs/"
#define PACKAGE "leptonica"
#define VERSION "1.67"
#define HAVE_LIBZ 1
#define HAVE_LIBPNG 1
#define HAVE_LIBJPEG 1
#define HAVE_LIBTIFF 1
#define HAVE_FMEMOPEN 1

configure: exit 0

## ---------------------- ##
## Running config.status. ##
## ---------------------- ##

This file was extended by leptonica config.status 1.67, which was
generated by GNU Autoconf 2.68.  Invocation command line was

  CONFIG_FILES    = 
  CONFIG_HEADERS  = 
  CONFIG_LINKS    = 
  CONFIG_COMMANDS = 
  $ ./config.status 

on server3

config.status:1088: creating Makefile
config.status:1088: creating src/endianness.h
config.status:1088: creating src/Makefile
config.status:1088: creating prog/Makefile
config.status:1088: creating config_auto.h
config.status:1269: config_auto.h is unchanged
config.status:1317: executing libtool commands
config.status:1317: executing depfiles commands

## ---------------------- ##
## Running config.status. ##
## ---------------------- ##

This file was extended by leptonica config.status 1.67, which was
generated by GNU Autoconf 2.68.  Invocation command line was

  CONFIG_FILES    = 
  CONFIG_HEADERS  = 
  CONFIG_LINKS    = 
  CONFIG_COMMANDS = 
  $ ./config.status prog/Makefile depfiles

on server3

config.status:1088: creating prog/Makefile
config.status:1317: executing depfiles commands
